<?xml version="1.0" encoding="UTF-8"?>
<!-- Generated by org.testng.reporters.JUnitReportReporter -->
<testsuite hostname="LAPTOP-O22IVBF5" failures="0" tests="1" name="ShashankWorkAppium.LongPress" time="9.965" errors="0" timestamp="2023-05-18T19:35:41 IST" skipped="0">
  <testcase classname="ShashankWorkAppium.LongPress" name="LongPressGesture" time="9.965"/>
  <system-out/>
</testsuite> <!-- ShashankWorkAppium.LongPress -->
