<?xml version="1.0" encoding="UTF-8"?>
<!-- Generated by org.testng.reporters.JUnitReportReporter -->
<testsuite hostname="LAPTOP-O22IVBF5" failures="0" tests="1" name="ShashankWorkAppium.SwipeDemo" time="6.579" errors="0" timestamp="2023-05-19T20:21:34 IST" skipped="0">
  <testcase classname="ShashankWorkAppium.SwipeDemo" name="SwipeDemoTest" time="6.579"/>
  <system-out/>
</testsuite> <!-- ShashankWorkAppium.SwipeDemo -->
