<?xml version="1.0" encoding="UTF-8"?>
<!-- Generated by org.testng.reporters.JUnitReportReporter -->
<testsuite hostname="LAPTOP-O22IVBF5" failures="0" tests="1" name="ShashankWorkAppium.ScrollDemo" time="7.583" errors="0" timestamp="2023-05-19T19:03:41 IST" skipped="0">
  <testcase classname="ShashankWorkAppium.ScrollDemo" name="ScrollDemoTest" time="7.583"/>
  <system-out/>
</testsuite> <!-- ShashankWorkAppium.ScrollDemo -->
