<?xml version="1.0" encoding="UTF-8"?>
<!-- Generated by org.testng.reporters.JUnitReportReporter -->
<testsuite hostname="LAPTOP-O22IVBF5" failures="0" tests="1" name="ShashankWorkAppium.EcommerceTest4" time="20.070" errors="0" timestamp="2023-07-03T16:04:53 IST" skipped="0">
  <testcase classname="ShashankWorkAppium.EcommerceTest4" name="FillForm" time="20.070"/>
  <system-out/>
</testsuite> <!-- ShashankWorkAppium.EcommerceTest4 -->
