<?xml version="1.0" encoding="UTF-8"?>
<!-- Generated by org.testng.reporters.JUnitReportReporter -->
<testsuite hostname="LAPTOP-O22IVBF5" failures="0" tests="1" name="ShashankWorkAppium.DragAndDrop" time="6.015" errors="0" timestamp="2023-05-24T17:50:08 IST" skipped="0">
  <testcase classname="ShashankWorkAppium.DragAndDrop" name="DragAndDropTest" time="6.015"/>
  <system-out/>
</testsuite> <!-- ShashankWorkAppium.DragAndDrop -->
