<?xml version="1.0" encoding="UTF-8"?>
<!-- Generated by org.testng.reporters.JUnitReportReporter -->
<testsuite hostname="LAPTOP-O22IVBF5" failures="0" tests="1" name="ShashankWorkAppium.EcommerceTest" time="16.499" errors="0" timestamp="2023-06-13T15:25:55 IST" skipped="0">
  <testcase classname="ShashankWorkAppium.EcommerceTest" name="FillForm" time="16.499"/>
  <system-out/>
</testsuite> <!-- ShashankWorkAppium.EcommerceTest -->
