<?xml version="1.0" encoding="UTF-8"?>
<!-- Generated by org.testng.reporters.JUnitReportReporter -->
<testsuite hostname="LAPTOP-O22IVBF5" failures="0" tests="1" name="ShashankWorkAppium.EcommerceTest3" time="16.852" errors="0" timestamp="2023-06-21T19:23:48 IST" skipped="0">
  <testcase classname="ShashankWorkAppium.EcommerceTest3" name="FillForm" time="16.852"/>
  <system-out/>
</testsuite> <!-- ShashankWorkAppium.EcommerceTest3 -->
