<?xml version="1.0" encoding="UTF-8"?>
<!-- Generated by org.testng.reporters.JUnitReportReporter -->
<testsuite hostname="LAPTOP-O22IVBF5" failures="0" tests="1" name="ShashankWorkAppium.AppiumBasics" time="8.001" errors="0" timestamp="2023-05-15T22:36:36 IST" skipped="0">
  <testcase classname="ShashankWorkAppium.AppiumBasics" name="WifiSettingsName" time="8.001"/>
  <system-out/>
</testsuite> <!-- ShashankWorkAppium.AppiumBasics -->
