<?xml version="1.0" encoding="UTF-8"?>
<!-- Generated by org.testng.reporters.JUnitReportReporter -->
<testsuite hostname="LAPTOP-O22IVBF5" failures="0" tests="1" name="ShashankWorkAppium.Assignment1" time="6.987" errors="0" timestamp="2023-05-25T20:23:38 IST" skipped="0">
  <testcase classname="ShashankWorkAppium.Assignment1" name="Assignment1Test" time="6.987"/>
  <system-out/>
</testsuite> <!-- ShashankWorkAppium.Assignment1 -->
